<2014-02-09 14:14:45>: 
{
     "currentSeason": [
          {
               "characters": [{
                    "clanName": "Wood League",
                    "clanTag": "r1Wood",
                    "displayName": "blindwalker",
                    "id": 3254904,
                    "profilePath": "/profile/3254904/1/blindwalker/",
                    "realm": 1
               }],
               "ladder": [{
                    "division": 39,
                    "ladderId": 167270,
                    "ladderName": "Kagg Echo",
                    "league": "DIAMOND",
                    "losses": 50,
                    "matchMakingQueue": "HOTS_SOLO",
                    "rank": 59,
                    "showcase": true,
                    "wins": 58
               }],
               "nonRanked": []
          },
          {
               "characters": [
                    {
                         "clanName": "Wood League",
                         "clanTag": "r1Wood",
                         "displayName": "blindwalker",
                         "id": 3254904,
                         "profilePath": "/profile/3254904/1/blindwalker/",
                         "realm": 1
                    },
                    {
                         "clanName": "Wood League",
                         "clanTag": "r1Wood",
                         "displayName": "Mohzee",
                         "id": 3753491,
                         "profilePath": "/profile/3753491/1/Mohzee/",
                         "realm": 1
                    },
                    {
                         "clanName": "Wood League",
                         "clanTag": "r1Wood",
                         "displayName": "Agrajag",
                         "id": 3753935,
                         "profilePath": "/profile/3753935/1/Agrajag/",
                         "realm": 1
                    }
               ],
               "ladder": [{
                    "division": 34,
                    "ladderId": 166376,
                    "ladderName": "Nahaan Rho",
                    "league": "BRONZE",
                    "losses": 0,
                    "matchMakingQueue": "HOTS_THREES",
                    "rank": 27,
                    "showcase": true,
                    "wins": 5
               }],
               "nonRanked": []
          },
          {
               "characters": [
                    {
                         "clanName": "Wood League",
                         "clanTag": "r1Wood",
                         "displayName": "blindwalker",
                         "id": 3254904,
                         "profilePath": "/profile/3254904/1/blindwalker/",
                         "realm": 1
                    },
                    {
                         "clanName": "Wood League",
                         "clanTag": "r1Wood",
                         "displayName": "GetDunked",
                         "id": 4031435,
                         "profilePath": "/profile/4031435/1/GetDunked/",
                         "realm": 1
                    }
               ],
               "ladder": [{
                    "division": 42,
                    "ladderId": 167617,
                    "ladderName": "Siege Tank Lima",
                    "league": "GOLD",
                    "losses": 5,
                    "matchMakingQueue": "HOTS_TWOS",
                    "rank": 48,
                    "showcase": true,
                    "wins": 10
               }],
               "nonRanked": []
          },
          {
               "characters": [
                    {
                         "clanName": "Wood League",
                         "clanTag": "r1Wood",
                         "displayName": "blindwalker",
                         "id": 3254904,
                         "profilePath": "/profile/3254904/1/blindwalker/",
                         "realm": 1
                    },
                    {
                         "clanName": "Wood League",
                         "clanTag": "r1Wood",
                         "displayName": "Agrajag",
                         "id": 3753935,
                         "profilePath": "/profile/3753935/1/Agrajag/",
                         "realm": 1
                    },
                    {
                         "clanName": "Wood League",
                         "clanTag": "r1Wood",
                         "displayName": "Kegun",
                         "id": 3890840,
                         "profilePath": "/profile/3890840/1/Kegun/",
                         "realm": 1
                    }
               ],
               "ladder": [{
                    "division": 91,
                    "ladderId": 167927,
                    "ladderName": "Swann Nu",
                    "league": "BRONZE",
                    "losses": 1,
                    "matchMakingQueue": "HOTS_THREES",
                    "rank": 56,
                    "showcase": false,
                    "wins": 2
               }],
               "nonRanked": []
          },
          {
               "characters": [
                    {
                         "clanName": "Wood League",
                         "clanTag": "r1Wood",
                         "displayName": "blindwalker",
                         "id": 3254904,
                         "profilePath": "/profile/3254904/1/blindwalker/",
                         "realm": 1
                    },
                    {
                         "clanName": "Wood League",
                         "clanTag": "r1Wood",
                         "displayName": "Agrajag",
                         "id": 3753935,
                         "profilePath": "/profile/3753935/1/Agrajag/",
                         "realm": 1
                    }
               ],
               "ladder": [{
                    "division": 26,
                    "ladderId": 166983,
                    "ladderName": "Khaydarin Chi",
                    "league": "GOLD",
                    "losses": 22,
                    "matchMakingQueue": "HOTS_TWOS",
                    "rank": 14,
                    "showcase": false,
                    "wins": 30
               }],
               "nonRanked": []
          },
          {
               "characters": [
                    {
                         "clanName": "Wood League",
                         "clanTag": "r1Wood",
                         "displayName": "blindwalker",
                         "id": 3254904,
                         "profilePath": "/profile/3254904/1/blindwalker/",
                         "realm": 1
                    },
                    {
                         "clanName": "Wood League",
                         "clanTag": "r1Wood",
                         "displayName": "Agrajag",
                         "id": 3753935,
                         "profilePath": "/profile/3753935/1/Agrajag/",
                         "realm": 1
                    },
                    {
                         "clanName": "Wood League",
                         "clanTag": "r1Wood",
                         "displayName": "Kegun",
                         "id": 3890840,
                         "profilePath": "/profile/3890840/1/Kegun/",
                         "realm": 1
                    },
                    {
                         "clanName": "Wood League",
                         "clanTag": "r1Wood",
                         "displayName": "GetDunked",
                         "id": 4031435,
                         "profilePath": "/profile/4031435/1/GetDunked/",
                         "realm": 1
                    }
               ],
               "ladder": [{
                    "division": 18,
                    "ladderId": 167912,
                    "ladderName": "Gantrithor Tango",
                    "league": "SILVER",
                    "losses": 1,
                    "matchMakingQueue": "HOTS_FOURS",
                    "rank": 45,
                    "showcase": false,
                    "wins": 3
               }],
               "nonRanked": []
          }
     ],
     "previousSeason": [
          {
               "characters": [
                    {
                         "clanName": "Wood League",
                         "clanTag": "r1Wood",
                         "displayName": "blindwalker",
                         "id": 3254904,
                         "profilePath": "/profile/3254904/1/blindwalker/",
                         "realm": 1
                    },
                    {
                         "clanName": "Wood League",
                         "clanTag": "r1Wood",
                         "displayName": "Agrajag",
                         "id": 3753935,
                         "profilePath": "/profile/3753935/1/Agrajag/",
                         "realm": 1
                    },
                    {
                         "clanName": "Wood League",
                         "clanTag": "r1Wood",
                         "displayName": "defeatist",
                         "id": 3761822,
                         "profilePath": "/profile/3761822/1/defeatist/",
                         "realm": 1
                    }
               ],
               "ladder": [{
                    "division": 16,
                    "ladderId": 162731,
                    "ladderName": "Scout Kappa",
                    "league": "SILVER",
                    "losses": 0,
                    "matchMakingQueue": "HOTS_THREES",
                    "rank": 39,
                    "showcase": false,
                    "wins": 11
               }],
               "nonRanked": []
          },
          {
               "characters": [
                    {
                         "clanName": "Wood League",
                         "clanTag": "r1Wood",
                         "displayName": "blindwalker",
                         "id": 3254904,
                         "profilePath": "/profile/3254904/1/blindwalker/",
                         "realm": 1
                    },
                    {
                         "clanName": "Wood League",
                         "clanTag": "r1Wood",
                         "displayName": "Agrajag",
                         "id": 3753935,
                         "profilePath": "/profile/3753935/1/Agrajag/",
                         "realm": 1
                    }
               ],
               "ladder": [{
                    "division": 33,
                    "ladderId": 163343,
                    "ladderName": "Phash Juliet",
                    "league": "GOLD",
                    "losses": 29,
                    "matchMakingQueue": "HOTS_TWOS",
                    "rank": 41,
                    "showcase": false,
                    "wins": 33
               }],
               "nonRanked": []
          },
          {
               "characters": [
                    {
                         "clanName": "Wood League",
                         "clanTag": "r1Wood",
                         "displayName": "blindwalker",
                         "id": 3254904,
                         "profilePath": "/profile/3254904/1/blindwalker/",
                         "realm": 1
                    },
                    {
                         "clanName": "Wood League",
                         "clanTag": "r1Wood",
                         "displayName": "Mohzee",
                         "id": 3753491,
                         "profilePath": "/profile/3753491/1/Mohzee/",
                         "realm": 1
                    },
                    {
                         "clanName": "Wood League",
                         "clanTag": "r1Wood",
                         "displayName": "Agrajag",
                         "id": 3753935,
                         "profilePath": "/profile/3753935/1/Agrajag/",
                         "realm": 1
                    },
                    {
                         "clanName": "Wood League",
                         "clanTag": "r1Wood",
                         "displayName": "GetDunked",
                         "id": 4031435,
                         "profilePath": "/profile/4031435/1/GetDunked/",
                         "realm": 1
                    }
               ],
               "ladder": [],
               "nonRanked": [{
                    "gamesPlayed": 4,
                    "mmq": "HOTS_FOURS"
               }]
          },
          {
               "characters": [
                    {
                         "clanName": "Wood League",
                         "clanTag": "r1Wood",
                         "displayName": "blindwalker",
                         "id": 3254904,
                         "profilePath": "/profile/3254904/1/blindwalker/",
                         "realm": 1
                    },
                    {
                         "clanName": "Wood League",
                         "clanTag": "r1Wood",
                         "displayName": "Agrajag",
                         "id": 3753935,
                         "profilePath": "/profile/3753935/1/Agrajag/",
                         "realm": 1
                    },
                    {
                         "clanName": "Wood League",
                         "clanTag": "r1Wood",
                         "displayName": "Kegun",
                         "id": 3890840,
                         "profilePath": "/profile/3890840/1/Kegun/",
                         "realm": 1
                    }
               ],
               "ladder": [{
                    "division": 11,
                    "ladderId": 162021,
                    "ladderName": "Marauder Nu",
                    "league": "BRONZE",
                    "losses": 1,
                    "matchMakingQueue": "HOTS_THREES",
                    "rank": 42,
                    "showcase": false,
                    "wins": 3
               }],
               "nonRanked": []
          },
          {
               "characters": [
                    {
                         "clanName": "Wood League",
                         "clanTag": "r1Wood",
                         "displayName": "blindwalker",
                         "id": 3254904,
                         "profilePath": "/profile/3254904/1/blindwalker/",
                         "realm": 1
                    },
                    {
                         "clanName": "Wood League",
                         "clanTag": "r1Wood",
                         "displayName": "Mohzee",
                         "id": 3753491,
                         "profilePath": "/profile/3753491/1/Mohzee/",
                         "realm": 1
                    },
                    {
                         "clanName": "Wood League",
                         "clanTag": "r1Wood",
                         "displayName": "Agrajag",
                         "id": 3753935,
                         "profilePath": "/profile/3753935/1/Agrajag/",
                         "realm": 1
                    },
                    {
                         "clanName": "Wood League",
                         "clanTag": "r1Wood",
                         "displayName": "Kegun",
                         "id": 3890840,
                         "profilePath": "/profile/3890840/1/Kegun/",
                         "realm": 1
                    }
               ],
               "ladder": [{
                    "division": 6,
                    "ladderId": 162395,
                    "ladderName": "Furinax Whiskey",
                    "league": "BRONZE",
                    "losses": 0,
                    "matchMakingQueue": "HOTS_FOURS",
                    "rank": 35,
                    "showcase": false,
                    "wins": 3
               }],
               "nonRanked": []
          },
          {
               "characters": [
                    {
                         "clanName": "Wood League",
                         "clanTag": "r1Wood",
                         "displayName": "blindwalker",
                         "id": 3254904,
                         "profilePath": "/profile/3254904/1/blindwalker/",
                         "realm": 1
                    },
                    {
                         "clanName": "Wood League",
                         "clanTag": "r1Wood",
                         "displayName": "Agrajag",
                         "id": 3753935,
                         "profilePath": "/profile/3753935/1/Agrajag/",
                         "realm": 1
                    },
                    {
                         "clanName": "Wood League",
                         "clanTag": "r1Wood",
                         "displayName": "GetDunked",
                         "id": 4031435,
                         "profilePath": "/profile/4031435/1/GetDunked/",
                         "realm": 1
                    }
               ],
               "ladder": [{
                    "division": 19,
                    "ladderId": 162908,
                    "ladderName": "Lockwell Zeta",
                    "league": "SILVER",
                    "losses": 2,
                    "matchMakingQueue": "HOTS_THREES",
                    "rank": 47,
                    "showcase": false,
                    "wins": 3
               }],
               "nonRanked": []
          },
          {
               "characters": [
                    {
                         "clanName": "Wood League",
                         "clanTag": "r1Wood",
                         "displayName": "blindwalker",
                         "id": 3254904,
                         "profilePath": "/profile/3254904/1/blindwalker/",
                         "realm": 1
                    },
                    {
                         "clanName": "Wood League",
                         "clanTag": "r1Wood",
                         "displayName": "Mohzee",
                         "id": 3753491,
                         "profilePath": "/profile/3753491/1/Mohzee/",
                         "realm": 1
                    },
                    {
                         "clanName": "Wood League",
                         "clanTag": "r1Wood",
                         "displayName": "Agrajag",
                         "id": 3753935,
                         "profilePath": "/profile/3753935/1/Agrajag/",
                         "realm": 1
                    }
               ],
               "ladder": [{
                    "division": 23,
                    "ladderId": 162470,
                    "ladderName": "Leviathan Upsilon",
                    "league": "BRONZE",
                    "losses": 1,
                    "matchMakingQueue": "HOTS_THREES",
                    "rank": 68,
                    "showcase": false,
                    "wins": 0
               }],
               "nonRanked": []
          },
          {
               "characters": [{
                    "clanName": "Wood League",
                    "clanTag": "r1Wood",
                    "displayName": "blindwalker",
                    "id": 3254904,
                    "profilePath": "/profile/3254904/1/blindwalker/",
                    "realm": 1
               }],
               "ladder": [{
                    "division": 104,
                    "ladderId": 162398,
                    "ladderName": "Infestor Mu",
                    "league": "GOLD",
                    "losses": 31,
                    "matchMakingQueue": "HOTS_SOLO",
                    "rank": 6,
                    "showcase": false,
                    "wins": 45
               }],
               "nonRanked": [{
                    "gamesPlayed": 1,
                    "mmq": "HOTS_TWOS"
               }]
          },
          {
               "characters": [
                    {
                         "clanName": "Wood League",
                         "clanTag": "r1Wood",
                         "displayName": "blindwalker",
                         "id": 3254904,
                         "profilePath": "/profile/3254904/1/blindwalker/",
                         "realm": 1
                    },
                    {
                         "clanName": "Wood League",
                         "clanTag": "r1Wood",
                         "displayName": "GetDunked",
                         "id": 4031435,
                         "profilePath": "/profile/4031435/1/GetDunked/",
                         "realm": 1
                    }
               ],
               "ladder": [{
                    "division": 34,
                    "ladderId": 163411,
                    "ladderName": "Nahaan Sigma",
                    "league": "GOLD",
                    "losses": 35,
                    "matchMakingQueue": "HOTS_TWOS",
                    "rank": 15,
                    "showcase": false,
                    "wins": 50
               }],
               "nonRanked": []
          }
     ],
     "showcasePlacement": []
}
